<?xml version="1.0" encoding="UTF-8"?>
<testng-results ignored="0" total="1" passed="1" failed="0" skipped="0">
  <reporter-output>
  </reporter-output>
  <suite started-at="2024-08-06T20:13:33 IST" name="Default suite" finished-at="2024-08-06T20:14:02 IST" duration-ms="29009">
    <groups>
    </groups>
    <test started-at="2024-08-06T20:13:33 IST" name="Default test" finished-at="2024-08-06T20:14:02 IST" duration-ms="29009">
      <class name="GeneralStoreApp.LoginTest">
        <test-method is-config="true" signature="configureAppium()[pri:0, instance:GeneralStoreApp.LoginTest@514646ef]" started-at="2024-08-06T20:13:33 IST" name="configureAppium" finished-at="2024-08-06T20:13:40 IST" duration-ms="7389" status="PASS">
          <reporter-output>
          </reporter-output>
        </test-method> <!-- configureAppium -->
        <test-method signature="login()[pri:0, instance:GeneralStoreApp.LoginTest@514646ef]" started-at="2024-08-06T20:13:40 IST" name="login" finished-at="2024-08-06T20:14:01 IST" duration-ms="21043" status="PASS">
          <reporter-output>
          </reporter-output>
        </test-method> <!-- login -->
        <test-method is-config="true" signature="tearDown()[pri:0, instance:GeneralStoreApp.LoginTest@514646ef]" started-at="2024-08-06T20:14:01 IST" name="tearDown" finished-at="2024-08-06T20:14:02 IST" duration-ms="541" status="PASS">
          <reporter-output>
          </reporter-output>
        </test-method> <!-- tearDown -->
      </class> <!-- GeneralStoreApp.LoginTest -->
    </test> <!-- Default test -->
  </suite> <!-- Default suite -->
</testng-results>
